2024-06-18 12:22:40 - [32minfo[39m: Creating configuration file...
2024-06-18 12:22:40 - [32minfo[39m: Adding new script(s) in package.json...
2024-06-18 12:22:40 - [32minfo[39m: Setup completed
2024-06-18 12:34:26 - [32minfo[39m: Reading configs from D:\ACDH\mobile-testing-demo\browserstack.yml
2024-06-18 12:34:26 - [32minfo[39m: Project and debug logs are captured by default. To disable, set disableAutoCaptureLogs: true in config.
2024-06-18 12:34:35 - [32minfo[39m: Local binary started successfully
2024-06-18 12:34:36 - [31merror[39m: Error: playwright/lib/common/configLoader.js doesn't exist.
    at exports.<computed> (D:\ACDH\mobile-testing-demo\node_modules\.pnpm\browserstack-node-sdk@1.33.6\node_modules\browserstack-node-sdk\src\helpers\helper.js:1:72606)
    at getUserPlaywrightConfig (D:\ACDH\mobile-testing-demo\node_modules\.pnpm\browserstack-node-sdk@1.33.6\node_modules\browserstack-node-sdk\src\bin\playwright\command.js:2:2305)
    at Object.utFXw (D:\ACDH\mobile-testing-demo\node_modules\.pnpm\browserstack-node-sdk@1.33.6\node_modules\browserstack-node-sdk\src\bin\playwright\command.js:2:5643)
    at run (D:\ACDH\mobile-testing-demo\node_modules\.pnpm\browserstack-node-sdk@1.33.6\node_modules\browserstack-node-sdk\src\bin\playwright\command.js:2:8634)
    at process.processTicksAndRejections (node:internal/process/task_queues:95:5)
    at async captureError (D:\ACDH\mobile-testing-demo\node_modules\.pnpm\browserstack-node-sdk@1.33.6\node_modules\browserstack-node-sdk\src\bin\runner.js:2:1393)
2024-06-18 12:34:40 - [32minfo[39m: Local binary stopped
2024-06-18 12:35:02 - [32minfo[39m: Reading configs from D:\ACDH\mobile-testing-demo\browserstack.yml
2024-06-18 12:35:02 - [32minfo[39m: Project and debug logs are captured by default. To disable, set disableAutoCaptureLogs: true in config.
2024-06-18 12:35:07 - [32minfo[39m: Local binary started successfully
2024-06-18 12:35:09 - [31merror[39m: Error: playwright/lib/common/configLoader.js doesn't exist.
    at exports.<computed> (D:\ACDH\mobile-testing-demo\node_modules\.pnpm\browserstack-node-sdk@1.33.6\node_modules\browserstack-node-sdk\src\helpers\helper.js:1:72606)
    at getUserPlaywrightConfig (D:\ACDH\mobile-testing-demo\node_modules\.pnpm\browserstack-node-sdk@1.33.6\node_modules\browserstack-node-sdk\src\bin\playwright\command.js:2:2305)
    at Object.utFXw (D:\ACDH\mobile-testing-demo\node_modules\.pnpm\browserstack-node-sdk@1.33.6\node_modules\browserstack-node-sdk\src\bin\playwright\command.js:2:5643)
    at run (D:\ACDH\mobile-testing-demo\node_modules\.pnpm\browserstack-node-sdk@1.33.6\node_modules\browserstack-node-sdk\src\bin\playwright\command.js:2:8634)
    at process.processTicksAndRejections (node:internal/process/task_queues:95:5)
    at async captureError (D:\ACDH\mobile-testing-demo\node_modules\.pnpm\browserstack-node-sdk@1.33.6\node_modules\browserstack-node-sdk\src\bin\runner.js:2:1393)
2024-06-18 12:35:12 - [32minfo[39m: Local binary stopped
2024-06-18 12:46:03 - [32minfo[39m: Reading configs from D:\ACDH\mobile-testing-demo\browserstack.yml
2024-06-18 12:46:03 - [32minfo[39m: Project and debug logs are captured by default. To disable, set disableAutoCaptureLogs: true in config.
2024-06-18 12:46:10 - [32minfo[39m: Local binary started successfully
2024-06-18 12:46:11 - [31merror[39m: Error: playwright/lib/common/configLoader.js doesn't exist.
    at exports.<computed> (D:\ACDH\mobile-testing-demo\node_modules\.pnpm\browserstack-node-sdk@1.33.6\node_modules\browserstack-node-sdk\src\helpers\helper.js:1:72606)
    at getUserPlaywrightConfig (D:\ACDH\mobile-testing-demo\node_modules\.pnpm\browserstack-node-sdk@1.33.6\node_modules\browserstack-node-sdk\src\bin\playwright\command.js:2:2305)
    at Object.utFXw (D:\ACDH\mobile-testing-demo\node_modules\.pnpm\browserstack-node-sdk@1.33.6\node_modules\browserstack-node-sdk\src\bin\playwright\command.js:2:5643)
    at run (D:\ACDH\mobile-testing-demo\node_modules\.pnpm\browserstack-node-sdk@1.33.6\node_modules\browserstack-node-sdk\src\bin\playwright\command.js:2:8634)
    at process.processTicksAndRejections (node:internal/process/task_queues:95:5)
    at async captureError (D:\ACDH\mobile-testing-demo\node_modules\.pnpm\browserstack-node-sdk@1.33.6\node_modules\browserstack-node-sdk\src\bin\runner.js:2:1393)
2024-06-18 12:46:14 - [32minfo[39m: Local binary stopped
2024-06-18 12:48:47 - [32minfo[39m: Reading configs from D:\ACDH\mobile-testing-demo\browserstack.yml
2024-06-18 12:48:48 - [32minfo[39m: Project and debug logs are captured by default. To disable, set disableAutoCaptureLogs: true in config.
2024-06-18 12:48:53 - [32minfo[39m: Local binary started successfully
2024-06-18 12:49:42 - [32minfo[39m: Visit https://observability.browserstack.com/builds/ubfg9cndyesqhaqscw372iwvvuiiogrxown9b986 to view build report, insights, and many more debugging information all at one place!

2024-06-18 12:49:42 - [32minfo[39m: View build on BrowserStack dashboard: https://automate.browserstack.com/dashboard/v2/builds/89b415dca9271511aabcf77ec24ebfe3559616af
2024-06-18 12:49:43 - [32minfo[39m: Deleting D:\ACDH\mobile-testing-demo\playwright-browserstack-sdk.config.js
2024-06-18 12:49:48 - [32minfo[39m: Local binary stopped
2024-06-18 12:57:55 - [32minfo[39m: Reading configs from D:\ACDH\mobile-testing-demo\browserstack.yml
2024-06-18 12:57:55 - [32minfo[39m: Project and debug logs are captured by default. To disable, set disableAutoCaptureLogs: true in config.
2024-06-18 12:58:00 - [32minfo[39m: Local binary started successfully
2024-06-18 12:59:13 - [32minfo[39m: Visit https://observability.browserstack.com/builds/plogxhjxpg2brjhuejslscvqqufpf4c3mm00bur6 to view build report, insights, and many more debugging information all at one place!

2024-06-18 12:59:14 - [32minfo[39m: View build on BrowserStack dashboard: https://automate.browserstack.com/dashboard/v2/builds/d9e5439d450b04baef060debbc408ad76aa666e9
2024-06-18 12:59:15 - [32minfo[39m: Deleting D:\ACDH\mobile-testing-demo\playwright-browserstack-sdk.config.js
2024-06-18 12:59:19 - [32minfo[39m: Local binary stopped
2024-06-18 13:01:04 - [32minfo[39m: Reading configs from D:\ACDH\mobile-testing-demo\browserstack.yml
2024-06-18 13:01:05 - [32minfo[39m: Project and debug logs are captured by default. To disable, set disableAutoCaptureLogs: true in config.
2024-06-18 13:01:12 - [32minfo[39m: Local binary started successfully
2024-06-18 13:03:07 - [32minfo[39m: Visit https://observability.browserstack.com/builds/2qnetswbvnrm1qukzjtbaeumgbks6g69vhlvc4qf to view build report, insights, and many more debugging information all at one place!

2024-06-18 13:03:08 - [32minfo[39m: View build on BrowserStack dashboard: https://automate.browserstack.com/dashboard/v2/builds/7d43f8b8f99902a0fb63ef3b5b011e7a017b20de
2024-06-18 13:03:10 - [32minfo[39m: Deleting D:\ACDH\mobile-testing-demo\playwright-browserstack-sdk.config.js
2024-06-18 13:03:14 - [32minfo[39m: Local binary stopped
2024-06-19 09:11:30 - [32minfo[39m: Reading configs from D:\ACDH\mobile-testing-demo\browserstack.yml
2024-06-19 09:11:30 - [31merror[39m: Error: userName or accessKey is not defined
    at new BrowserStackSetup (D:\ACDH\mobile-testing-demo\node_modules\browserstack-node-sdk\src\helpers\BrowserStackSetup.js:1:11414)
    at run (D:\ACDH\mobile-testing-demo\node_modules\browserstack-node-sdk\src\bin\playwright\command.js:2:7452)
    at Object.lMkWu (D:\ACDH\mobile-testing-demo\node_modules\browserstack-node-sdk\src\bin\runner.js:2:1330)
    at captureError (D:\ACDH\mobile-testing-demo\node_modules\browserstack-node-sdk\src\bin\runner.js:2:1426)
    at Object.ZVGEP (D:\ACDH\mobile-testing-demo\node_modules\browserstack-node-sdk\src\bin\runner.js:2:10439)
    at D:\ACDH\mobile-testing-demo\node_modules\browserstack-node-sdk\src\bin\runner.js:2:10660
    at _.applyBuilderUpdateUsageAndParse (D:\ACDH\mobile-testing-demo\node_modules\browserstack-node-sdk\node_modules\yargs\build\index.cjs:1:7435)
    at _.runCommand (D:\ACDH\mobile-testing-demo\node_modules\browserstack-node-sdk\node_modules\yargs\build\index.cjs:1:7078)
    at [runYargsParserAndExecuteCommands] (D:\ACDH\mobile-testing-demo\node_modules\browserstack-node-sdk\node_modules\yargs\build\index.cjs:1:58539)
    at te.parse (D:\ACDH\mobile-testing-demo\node_modules\browserstack-node-sdk\node_modules\yargs\build\index.cjs:1:40478)
2024-06-19 09:12:35 - [32minfo[39m: Reading configs from D:\ACDH\mobile-testing-demo\browserstack.yml
2024-06-19 09:12:35 - [31merror[39m: Error: userName or accessKey is not defined
    at new BrowserStackSetup (D:\ACDH\mobile-testing-demo\node_modules\browserstack-node-sdk\src\helpers\BrowserStackSetup.js:1:11414)
    at run (D:\ACDH\mobile-testing-demo\node_modules\browserstack-node-sdk\src\bin\playwright\command.js:2:7452)
    at Object.lMkWu (D:\ACDH\mobile-testing-demo\node_modules\browserstack-node-sdk\src\bin\runner.js:2:1330)
    at captureError (D:\ACDH\mobile-testing-demo\node_modules\browserstack-node-sdk\src\bin\runner.js:2:1426)
    at Object.ZVGEP (D:\ACDH\mobile-testing-demo\node_modules\browserstack-node-sdk\src\bin\runner.js:2:10439)
    at D:\ACDH\mobile-testing-demo\node_modules\browserstack-node-sdk\src\bin\runner.js:2:10660
    at _.applyBuilderUpdateUsageAndParse (D:\ACDH\mobile-testing-demo\node_modules\browserstack-node-sdk\node_modules\yargs\build\index.cjs:1:7435)
    at _.runCommand (D:\ACDH\mobile-testing-demo\node_modules\browserstack-node-sdk\node_modules\yargs\build\index.cjs:1:7078)
    at [runYargsParserAndExecuteCommands] (D:\ACDH\mobile-testing-demo\node_modules\browserstack-node-sdk\node_modules\yargs\build\index.cjs:1:58539)
    at te.parse (D:\ACDH\mobile-testing-demo\node_modules\browserstack-node-sdk\node_modules\yargs\build\index.cjs:1:40478)
2024-06-19 09:13:19 - [32minfo[39m: Reading configs from D:\ACDH\mobile-testing-demo\browserstack.yml
2024-06-19 09:13:20 - [32minfo[39m: Project and debug logs are captured by default. To disable, set disableAutoCaptureLogs: true in config.
2024-06-19 09:13:24 - [32minfo[39m: Local binary started successfully
2024-06-19 09:14:43 - [32minfo[39m: Visit https://observability.browserstack.com/builds/e27ktld0uomw8are1sggu8yageix0sl2kn3b2a1p to view build report, insights, and many more debugging information all at one place!

2024-06-19 09:14:44 - [32minfo[39m: View build on BrowserStack dashboard: https://automate.browserstack.com/dashboard/v2/builds/cd648149c852f3a614987daa43d7a2453eba2561
2024-06-19 09:14:46 - [32minfo[39m: Deleting D:\ACDH\mobile-testing-demo\playwright-browserstack-sdk.config.js
2024-06-19 09:14:49 - [32minfo[39m: Local binary stopped
